{"expression": "|exists x0 (box(x0)).| == 2 * |exists x0 (tool(x0)).|", "evaluation": true}
{"expression": "|exists x0 (object(x0) & box(x0)).| > |exists x0 (object(x0) & -box(x0)).|", "evaluation": true}
{"expression": "|exists x0 (box(x0)).| >= 2", "evaluation": true}
{"expression": "|exists x0 (box(x0)).| == 2", "evaluation": false}
{"expression": "|exists x0 (box(x0)).| >= 2", "evaluation": true}
{"expression": "|exists x0 (box(x0)).| <= 3", "evaluation": false}
{"expression": "|exists x0 (box(x0)).| > 10", "evaluation": false}
{"expression": "|exists x0 (box(x0)).| > |exists x0 (tool(x0)).|", "evaluation": true}
{"expression": "|exists x0 (tool(x0)).| < |exists x0 (box(x0)).|", "evaluation": true}
{"expression": "|exists x0 (box(x0)).| >= 10", "evaluation": false}
{"expression": "|exists x0 (box(x0)).| >= 2", "evaluation": true}
{"expression": "|exists x0 (box(x0)).| == 2 * |exists x0 (tool(x0)).|", "evaluation": true}
{"expression": "|exists x0 (box(x0)).|", "evaluation": 4}
{"expression": "|-(exists x0 (object(x0) & box(x0))).| > 0", "evaluation": -1}
{"expression": "|-(exists x0 (object(x0) & robot(x0))).| > 0", "evaluation": true}
{"expression": "|-(exists x0 (box(x0))).| > 0", "evaluation": -1}
{"expression": "all x0 (box(x0) -> object(x0)).", "evaluation": 1}
{"expression": "all x0 (object(x0) -> box(x0)).", "evaluation": -1}
{"expression": "all x0 (box(x0) -> -object(x0)).", "evaluation": -1}
{"expression": "all x0 (object(x0) -> -box(x0)).", "evaluation": -1}
