[
  [8,
    [ "=(number,1)",  "=(seconds,0)" ],
    [
      ["function", "Abe", 0,
         1
      ],
      ["function", "BrownOnion", 0,
         5
      ],
      ["function", "CuttingBoard", 0,
         4
      ],
      ["function", "Floor", 0,
         0
      ],
      ["function", "KitchenCabinet", 0,
         3
      ],
      ["function", "KitchenCounter", 0,
         2
      ],
      ["function", "LargeBowl", 0,
         7
      ],
      ["function", "RedOnion", 0,
         6
      ],
      ["function", "c1", 0,
         1
      ],
      ["function", "c2", 0,
         5
      ],
      ["relation", "abe", 1,
        [ 0, 1, 0, 0, 0, 0, 0, 0]
      ],
      ["relation", "bowl", 1,
        [ 0, 0, 0, 0, 0, 0, 0, 1]
      ],
      ["relation", "cookingKnife", 1,
        [ 0, 0, 0, 0, 0, 0, 0, 0]
      ],
      ["relation", "cuttingBoard", 1,
        [ 0, 0, 0, 0, 1, 0, 0, 0]
      ],
      ["relation", "cuttingTool", 1,
        [ 0, 0, 0, 0, 0, 0, 0, 0]
      ],
      ["relation", "floor", 1,
        [ 1, 0, 0, 0, 0, 0, 0, 0]
      ],
      ["relation", "food", 1,
        [ 0, 0, 0, 0, 0, 1, 1, 0]
      ],
      ["relation", "kitchenCabinet", 1,
        [ 0, 0, 0, 1, 0, 0, 0, 0]
      ],
      ["relation", "kitchenCounter", 1,
        [ 0, 0, 1, 0, 0, 0, 0, 0]
      ],
      ["relation", "kitchenTool", 1,
        [ 0, 0, 0, 0, 1, 0, 0, 1]
      ],
      ["relation", "kitchenUnit", 1,
        [ 0, 0, 1, 1, 0, 0, 0, 0]
      ],
      ["relation", "kitchenware", 1,
        [ 0, 0, 1, 1, 1, 0, 0, 1]
      ],
      ["relation", "largeBowl", 1,
        [ 0, 0, 0, 0, 0, 0, 0, 1]
      ],
      ["relation", "onion", 1,
        [ 0, 0, 0, 0, 0, 1, 1, 0]
      ],
      ["relation", "peeledOnion", 1,
        [ 0, 0, 0, 0, 0, 1, 0, 0]
      ],
      ["relation", "peeledRedOnion", 1,
        [ 0, 0, 0, 0, 0, 0, 1, 0]
      ],
      ["relation", "fetch", 2,
        [
          [ 0, 0, 0, 0, 0, 0, 0, 0],
          [ 0, 0, 0, 0, 0, 1, 1, 0],
          [ 0, 0, 0, 0, 0, 0, 0, 0],
          [ 0, 0, 0, 0, 0, 0, 0, 0],
          [ 0, 0, 0, 0, 0, 0, 0, 0],
          [ 0, 0, 0, 0, 0, 0, 0, 0],
          [ 0, 0, 0, 0, 0, 0, 0, 0],
          [ 0, 0, 0, 0, 0, 0, 0, 0]
        ]
      ],
      ["relation", "cut", 3,
        [
          [
            [ 0, 0, 0, 0, 0, 0, 0, 0],
            [ 0, 0, 0, 0, 0, 0, 0, 0],
            [ 0, 0, 0, 0, 0, 0, 0, 0],
            [ 0, 0, 0, 0, 0, 0, 0, 0],
            [ 0, 0, 0, 0, 0, 0, 0, 0],
            [ 0, 0, 0, 0, 0, 0, 0, 0],
            [ 0, 0, 0, 0, 0, 0, 0, 0],
            [ 0, 0, 0, 0, 0, 0, 0, 0]
          ],
          [
            [ 0, 0, 0, 0, 0, 0, 0, 0],
            [ 0, 0, 0, 0, 0, 0, 0, 0],
            [ 0, 0, 0, 0, 0, 0, 0, 0],
            [ 0, 0, 0, 0, 0, 0, 0, 0],
            [ 0, 0, 0, 0, 0, 0, 0, 0],
            [ 0, 0, 0, 0, 0, 0, 0, 0],
            [ 0, 0, 0, 0, 0, 0, 0, 0],
            [ 0, 0, 0, 0, 0, 0, 0, 0]
          ],
          [
            [ 0, 0, 0, 0, 0, 0, 0, 0],
            [ 0, 0, 0, 0, 0, 0, 0, 0],
            [ 0, 0, 0, 0, 0, 0, 0, 0],
            [ 0, 0, 0, 0, 0, 0, 0, 0],
            [ 0, 0, 0, 0, 0, 0, 0, 0],
            [ 0, 0, 0, 0, 0, 0, 0, 0],
            [ 0, 0, 0, 0, 0, 0, 0, 0],
            [ 0, 0, 0, 0, 0, 0, 0, 0]
          ],
          [
            [ 0, 0, 0, 0, 0, 0, 0, 0],
            [ 0, 0, 0, 0, 0, 0, 0, 0],
            [ 0, 0, 0, 0, 0, 0, 0, 0],
            [ 0, 0, 0, 0, 0, 0, 0, 0],
            [ 0, 0, 0, 0, 0, 0, 0, 0],
            [ 0, 0, 0, 0, 0, 0, 0, 0],
            [ 0, 0, 0, 0, 0, 0, 0, 0],
            [ 0, 0, 0, 0, 0, 0, 0, 0]
          ],
          [
            [ 0, 0, 0, 0, 0, 0, 0, 0],
            [ 0, 0, 0, 0, 0, 0, 0, 0],
            [ 0, 0, 0, 0, 0, 0, 0, 0],
            [ 0, 0, 0, 0, 0, 0, 0, 0],
            [ 0, 0, 0, 0, 0, 0, 0, 0],
            [ 0, 0, 0, 0, 0, 0, 0, 0],
            [ 0, 0, 0, 0, 0, 0, 0, 0],
            [ 0, 0, 0, 0, 0, 0, 0, 0]
          ],
          [
            [ 0, 0, 0, 0, 0, 0, 0, 0],
            [ 0, 0, 0, 0, 0, 0, 0, 0],
            [ 0, 0, 0, 0, 0, 0, 0, 0],
            [ 0, 0, 0, 0, 0, 0, 0, 0],
            [ 0, 0, 0, 0, 0, 0, 0, 0],
            [ 0, 0, 0, 0, 0, 0, 0, 0],
            [ 0, 0, 0, 0, 0, 0, 0, 0],
            [ 0, 0, 0, 0, 0, 0, 0, 0]
          ],
          [
            [ 0, 0, 0, 0, 0, 0, 0, 0],
            [ 0, 0, 0, 0, 0, 0, 0, 0],
            [ 0, 0, 0, 0, 0, 0, 0, 0],
            [ 0, 0, 0, 0, 0, 0, 0, 0],
            [ 0, 0, 0, 0, 0, 0, 0, 0],
            [ 0, 0, 0, 0, 0, 0, 0, 0],
            [ 0, 0, 0, 0, 0, 0, 0, 0],
            [ 0, 0, 0, 0, 0, 0, 0, 0]
          ],
          [
            [ 0, 0, 0, 0, 0, 0, 0, 0],
            [ 0, 0, 0, 0, 0, 0, 0, 0],
            [ 0, 0, 0, 0, 0, 0, 0, 0],
            [ 0, 0, 0, 0, 0, 0, 0, 0],
            [ 0, 0, 0, 0, 0, 0, 0, 0],
            [ 0, 0, 0, 0, 0, 0, 0, 0],
            [ 0, 0, 0, 0, 0, 0, 0, 0],
            [ 0, 0, 0, 0, 0, 0, 0, 0]
          ]
        ]
      ]
    ]
  ],
  [8,
    [ "=(number,2)",  "=(seconds,0)" ],
    [
      ["function", "Abe", 0,
         1
      ],
      ["function", "BrownOnion", 0,
         5
      ],
      ["function", "CuttingBoard", 0,
         4
      ],
      ["function", "Floor", 0,
         0
      ],
      ["function", "KitchenCabinet", 0,
         3
      ],
      ["function", "KitchenCounter", 0,
         2
      ],
      ["function", "LargeBowl", 0,
         7
      ],
      ["function", "RedOnion", 0,
         6
      ],
      ["function", "c1", 0,
         1
      ],
      ["function", "c2", 0,
         6
      ],
      ["relation", "abe", 1,
        [ 0, 1, 0, 0, 0, 0, 0, 0]
      ],
      ["relation", "bowl", 1,
        [ 0, 0, 0, 0, 0, 0, 0, 1]
      ],
      ["relation", "cookingKnife", 1,
        [ 0, 0, 0, 0, 0, 0, 0, 0]
      ],
      ["relation", "cuttingBoard", 1,
        [ 0, 0, 0, 0, 1, 0, 0, 0]
      ],
      ["relation", "cuttingTool", 1,
        [ 0, 0, 0, 0, 0, 0, 0, 0]
      ],
      ["relation", "floor", 1,
        [ 1, 0, 0, 0, 0, 0, 0, 0]
      ],
      ["relation", "food", 1,
        [ 0, 0, 0, 0, 0, 1, 1, 0]
      ],
      ["relation", "kitchenCabinet", 1,
        [ 0, 0, 0, 1, 0, 0, 0, 0]
      ],
      ["relation", "kitchenCounter", 1,
        [ 0, 0, 1, 0, 0, 0, 0, 0]
      ],
      ["relation", "kitchenTool", 1,
        [ 0, 0, 0, 0, 1, 0, 0, 1]
      ],
      ["relation", "kitchenUnit", 1,
        [ 0, 0, 1, 1, 0, 0, 0, 0]
      ],
      ["relation", "kitchenware", 1,
        [ 0, 0, 1, 1, 1, 0, 0, 1]
      ],
      ["relation", "largeBowl", 1,
        [ 0, 0, 0, 0, 0, 0, 0, 1]
      ],
      ["relation", "onion", 1,
        [ 0, 0, 0, 0, 0, 1, 1, 0]
      ],
      ["relation", "peeledOnion", 1,
        [ 0, 0, 0, 0, 0, 1, 0, 0]
      ],
      ["relation", "peeledRedOnion", 1,
        [ 0, 0, 0, 0, 0, 0, 1, 0]
      ],
      ["relation", "fetch", 2,
        [
          [ 0, 0, 0, 0, 0, 0, 0, 0],
          [ 0, 0, 0, 0, 0, 1, 1, 0],
          [ 0, 0, 0, 0, 0, 0, 0, 0],
          [ 0, 0, 0, 0, 0, 0, 0, 0],
          [ 0, 0, 0, 0, 0, 0, 0, 0],
          [ 0, 0, 0, 0, 0, 0, 0, 0],
          [ 0, 0, 0, 0, 0, 0, 0, 0],
          [ 0, 0, 0, 0, 0, 0, 0, 0]
        ]
      ],
      ["relation", "cut", 3,
        [
          [
            [ 0, 0, 0, 0, 0, 0, 0, 0],
            [ 0, 0, 0, 0, 0, 0, 0, 0],
            [ 0, 0, 0, 0, 0, 0, 0, 0],
            [ 0, 0, 0, 0, 0, 0, 0, 0],
            [ 0, 0, 0, 0, 0, 0, 0, 0],
            [ 0, 0, 0, 0, 0, 0, 0, 0],
            [ 0, 0, 0, 0, 0, 0, 0, 0],
            [ 0, 0, 0, 0, 0, 0, 0, 0]
          ],
          [
            [ 0, 0, 0, 0, 0, 0, 0, 0],
            [ 0, 0, 0, 0, 0, 0, 0, 0],
            [ 0, 0, 0, 0, 0, 0, 0, 0],
            [ 0, 0, 0, 0, 0, 0, 0, 0],
            [ 0, 0, 0, 0, 0, 0, 0, 0],
            [ 0, 0, 0, 0, 0, 0, 0, 0],
            [ 0, 0, 0, 0, 0, 0, 0, 0],
            [ 0, 0, 0, 0, 0, 0, 0, 0]
          ],
          [
            [ 0, 0, 0, 0, 0, 0, 0, 0],
            [ 0, 0, 0, 0, 0, 0, 0, 0],
            [ 0, 0, 0, 0, 0, 0, 0, 0],
            [ 0, 0, 0, 0, 0, 0, 0, 0],
            [ 0, 0, 0, 0, 0, 0, 0, 0],
            [ 0, 0, 0, 0, 0, 0, 0, 0],
            [ 0, 0, 0, 0, 0, 0, 0, 0],
            [ 0, 0, 0, 0, 0, 0, 0, 0]
          ],
          [
            [ 0, 0, 0, 0, 0, 0, 0, 0],
            [ 0, 0, 0, 0, 0, 0, 0, 0],
            [ 0, 0, 0, 0, 0, 0, 0, 0],
            [ 0, 0, 0, 0, 0, 0, 0, 0],
            [ 0, 0, 0, 0, 0, 0, 0, 0],
            [ 0, 0, 0, 0, 0, 0, 0, 0],
            [ 0, 0, 0, 0, 0, 0, 0, 0],
            [ 0, 0, 0, 0, 0, 0, 0, 0]
          ],
          [
            [ 0, 0, 0, 0, 0, 0, 0, 0],
            [ 0, 0, 0, 0, 0, 0, 0, 0],
            [ 0, 0, 0, 0, 0, 0, 0, 0],
            [ 0, 0, 0, 0, 0, 0, 0, 0],
            [ 0, 0, 0, 0, 0, 0, 0, 0],
            [ 0, 0, 0, 0, 0, 0, 0, 0],
            [ 0, 0, 0, 0, 0, 0, 0, 0],
            [ 0, 0, 0, 0, 0, 0, 0, 0]
          ],
          [
            [ 0, 0, 0, 0, 0, 0, 0, 0],
            [ 0, 0, 0, 0, 0, 0, 0, 0],
            [ 0, 0, 0, 0, 0, 0, 0, 0],
            [ 0, 0, 0, 0, 0, 0, 0, 0],
            [ 0, 0, 0, 0, 0, 0, 0, 0],
            [ 0, 0, 0, 0, 0, 0, 0, 0],
            [ 0, 0, 0, 0, 0, 0, 0, 0],
            [ 0, 0, 0, 0, 0, 0, 0, 0]
          ],
          [
            [ 0, 0, 0, 0, 0, 0, 0, 0],
            [ 0, 0, 0, 0, 0, 0, 0, 0],
            [ 0, 0, 0, 0, 0, 0, 0, 0],
            [ 0, 0, 0, 0, 0, 0, 0, 0],
            [ 0, 0, 0, 0, 0, 0, 0, 0],
            [ 0, 0, 0, 0, 0, 0, 0, 0],
            [ 0, 0, 0, 0, 0, 0, 0, 0],
            [ 0, 0, 0, 0, 0, 0, 0, 0]
          ],
          [
            [ 0, 0, 0, 0, 0, 0, 0, 0],
            [ 0, 0, 0, 0, 0, 0, 0, 0],
            [ 0, 0, 0, 0, 0, 0, 0, 0],
            [ 0, 0, 0, 0, 0, 0, 0, 0],
            [ 0, 0, 0, 0, 0, 0, 0, 0],
            [ 0, 0, 0, 0, 0, 0, 0, 0],
            [ 0, 0, 0, 0, 0, 0, 0, 0],
            [ 0, 0, 0, 0, 0, 0, 0, 0]
          ]
        ]
      ]
    ]
  ]
]
